#
# A fatal error has been detected by the Java Runtime Environment:
#
#  SIGSEGV (0xb) at pc=0x000000010c3aaa6c, pid=3160, tid=17411
#
# JRE version: Java(TM) SE Runtime Environment (8.0_25-b17) (build 1.8.0_25-b17)
# Java VM: Java HotSpot(TM) 64-Bit Server VM (25.25-b02 mixed mode bsd-amd64 compressed oops)
# Problematic frame:
# V  [libjvm.dylib+0x3aaa6c]  PhaseIdealLoop::idom_no_update(Node*) const+0x12
#
# Failed to write core dump. Core dumps have been disabled. To enable core dumping, try "ulimit -c unlimited" before starting Java again
#
# If you would like to submit a bug report, please visit:
#   http://bugreport.sun.com/bugreport/crash.jsp
#

---------------  T H R E A D  ---------------

Current thread (0x00007f7f5a01d000):  JavaThread "C2 CompilerThread1" daemon [_thread_in_native, id=17411, stack(0x0000700000bbb000,0x0000700000cbb000)]

siginfo: si_signo: 11 (SIGSEGV), si_code: 1 (SEGV_MAPERR), si_addr: 0x0000000000000008

Registers:
RAX=0x0000000000000000, RBX=0x0000700000cb4a08, RCX=0x00007f7f5a908410, RDX=0x00007f7f5c2a1630
RSP=0x0000700000cb45b0, RBP=0x0000700000cb45b0, RSI=0x00007f7f59d94060, RDI=0x0000700000cb4a08
R8 =0x0000000000000000, R9 =0x000000010c7ea5b8, R10=0x00000000ffffffff, R11=0xffffffffff6b6a10
R12=0x00007f7f5c2a1630, R13=0x0000000000000000, R14=0x00007f7f59d94060, R15=0x00007f7f5c21d1a8
RIP=0x000000010c3aaa6c, EFLAGS=0x0000000000010206, ERR=0x0000000000000004
  TRAPNO=0x000000000000000e

Top of Stack: (sp=0x0000700000cb45b0)
0x0000700000cb45b0:   0000700000cb45f0 000000010c3b3ca1
0x0000700000cb45c0:   00007f7f5b976f88 0000700000cb4920
0x0000700000cb45d0:   0000000000000001 00007f7f5b976fd0
0x0000700000cb45e0:   0000700000cb4a08 00007f7f5b976f88
0x0000700000cb45f0:   0000700000cb4650 000000010c3b3eee
0x0000700000cb4600:   0000700000cb53d8 0000700000cb4900
0x0000700000cb4610:   0000700000cb53b8 0000700000cb48e0
0x0000700000cb4620:   00000001000014db 0000700000cb4a08
0x0000700000cb4630:   0000000000000001 0000000000000000
0x0000700000cb4640:   00007f7f59d940d0 0000000000000006
0x0000700000cb4650:   0000700000cb4990 000000010c3ba02f
0x0000700000cb4660:   00007f7f5adda968 00007f7f5ba736f0
0x0000700000cb4670:   0000700000000000 00007f7f59c1af70
0x0000700000cb4680:   000000015c25cc98 00007f7f5adda968
0x0000700000cb4690:   0000700000cb46c0 000000010c5403f6
0x0000700000cb46a0:   0000000000005f4d 00007f7f59da4290
0x0000700000cb46b0:   0000700000cb46f0 00007fff8f250164
0x0000700000cb46c0:   00007f7f5a911e4d 0000000000000081
0x0000700000cb46d0:   000000010b552a00 000000010b538000
0x0000700000cb46e0:   000000010b552a00 0000000000000000
0x0000700000cb46f0:   0000700000cb47e0 00007fff8f24cef5
0x0000700000cb4700:   00007f7f5adda968 00007f7f5c22eb90
0x0000700000cb4710:   00007f7f5adda968 00007f7f5ba736f0
0x0000700000cb4720:   0000700000cb4740 000000010c540341
0x0000700000cb4730:   00007f7f5c22eb90 00007f7f5adda968
0x0000700000cb4740:   0000700000cb4770 000000010c5403f6
0x0000700000cb4750:   0000000000005f4d 00007f7f59da4290
0x0000700000cb4760:   000000010b538000 0000000000000000
0x0000700000cb4770:   0000700000cb4780 0000000000010010
0x0000700000cb4780:   0000000000001000 000000000c2222a6
0x0000700000cb4790:   0000700000cb4800 000000010b552a00
0x0000700000cb47a0:   ff80000000001000 00007f7f5ab6ffff 

Instructions: (pc=0x000000010c3aaa6c)
0x000000010c3aaa4c:   2c 83 e1 07 83 f9 05 48 0f 45 c2 5d c3 90 55 48
0x000000010c3aaa5c:   89 e5 8b 46 28 48 8b 8f f0 09 00 00 48 8b 04 c1
0x000000010c3aaa6c:   48 8b 48 08 48 83 39 00 75 26 8b 4f 28 8b 40 28
0x000000010c3aaa7c:   39 c1 77 0e 31 c0 48 8b 50 08 48 83 3a 00 74 ed 

Register to memory mapping:

RAX=0x0000000000000000 is an unknown value
RBX=0x0000700000cb4a08 is pointing into the stack for thread: 0x00007f7f5a01d000
RCX=0x00007f7f5a908410 is an unknown value
RDX=0x00007f7f5c2a1630 is an unknown value
RSP=0x0000700000cb45b0 is pointing into the stack for thread: 0x00007f7f5a01d000
RBP=0x0000700000cb45b0 is pointing into the stack for thread: 0x00007f7f5a01d000
RSI=0x00007f7f59d94060 is an unknown value
RDI=0x0000700000cb4a08 is pointing into the stack for thread: 0x00007f7f5a01d000
R8 =0x0000000000000000 is an unknown value
R9 =0x000000010c7ea5b8: _ZL8tc_mutex+0x18 in /Library/Java/JavaVirtualMachines/jdk1.8.0_25.jdk/Contents/Home/jre/lib/server/libjvm.dylib at 0x000000010c000000
R10=0x00000000ffffffff is an unknown value
R11=0xffffffffff6b6a10 is an unknown value
R12=0x00007f7f5c2a1630 is an unknown value
R13=0x0000000000000000 is an unknown value
R14=0x00007f7f59d94060 is an unknown value
R15=0x00007f7f5c21d1a8 is an unknown value


Stack: [0x0000700000bbb000,0x0000700000cbb000],  sp=0x0000700000cb45b0,  free space=997k
Native frames: (J=compiled Java code, j=interpreted, Vv=VM code, C=native code)
V  [libjvm.dylib+0x3aaa6c]  PhaseIdealLoop::idom_no_update(Node*) const+0x12
V  [libjvm.dylib+0x3b3ca1]  PhaseIdealLoop::build_loop_late_post(Node*)+0x1bf
V  [libjvm.dylib+0x3b3eee]  PhaseIdealLoop::build_loop_late(VectorSet&, Node_List&, Node_Stack&)+0x160
V  [libjvm.dylib+0x3ba02f]  PhaseIdealLoop::build_and_optimize(bool, bool)+0x639
V  [libjvm.dylib+0x1a5d00]  Compile::Optimize()+0x654
V  [libjvm.dylib+0x1a8aad]  Compile::Compile(ciEnv*, C2Compiler*, ciMethod*, int, bool, bool, bool)+0x8b7
V  [libjvm.dylib+0x14b1d6]  C2Compiler::compile_method(ciEnv*, ciMethod*, int)+0xac
V  [libjvm.dylib+0x1ac3e8]  CompileBroker::invoke_compiler_on_method(CompileTask*)+0x5b2
V  [libjvm.dylib+0x1ae4f7]  CompileBroker::compiler_thread_loop()+0x2d5
V  [libjvm.dylib+0x535ed9]  JavaThread::thread_main_inner()+0x9b
V  [libjvm.dylib+0x53761c]  JavaThread::run()+0x1c2
V  [libjvm.dylib+0x45d87e]  java_start(Thread*)+0xf6
C  [libsystem_pthread.dylib+0x39b1]  _pthread_body+0x83
C  [libsystem_pthread.dylib+0x392e]  _pthread_body+0x0
C  [libsystem_pthread.dylib+0x1385]  thread_start+0xd
C  0x0000000000000000


Current CompileTask:
C2:  21501 2244       4       jsprit.core.algorithm.SearchStrategy::run (160 bytes)


---------------  P R O C E S S  ---------------

Java Threads: ( => current thread )
  0x00007f7f5ac2d000 JavaThread "pool-6-thread-2" [_thread_blocked, id=19475, stack(0x00007000010ca000,0x00007000011ca000)]
  0x00007f7f5c10e000 JavaThread "pool-6-thread-1" [_thread_blocked, id=19987, stack(0x0000700000fc7000,0x00007000010c7000)]
  0x00007f7f5a01e800 JavaThread "Service Thread" daemon [_thread_blocked, id=18435, stack(0x0000700000dc1000,0x0000700000ec1000)]
  0x00007f7f5a01d800 JavaThread "C1 CompilerThread2" daemon [_thread_blocked, id=17923, stack(0x0000700000cbe000,0x0000700000dbe000)]
=>0x00007f7f5a01d000 JavaThread "C2 CompilerThread1" daemon [_thread_in_native, id=17411, stack(0x0000700000bbb000,0x0000700000cbb000)]
  0x00007f7f5a852000 JavaThread "C2 CompilerThread0" daemon [_thread_blocked, id=16899, stack(0x0000700000ab8000,0x0000700000bb8000)]
  0x00007f7f5a01b800 JavaThread "Signal Dispatcher" daemon [_thread_blocked, id=12815, stack(0x00007000009b5000,0x0000700000ab5000)]
  0x00007f7f5a041000 JavaThread "Finalizer" daemon [_thread_blocked, id=12291, stack(0x000070000082f000,0x000070000092f000)]
  0x00007f7f5a040800 JavaThread "Reference Handler" daemon [_thread_blocked, id=11779, stack(0x000070000072c000,0x000070000082c000)]
  0x00007f7f5a809000 JavaThread "main" [_thread_in_Java, id=5891, stack(0x000070000011a000,0x000070000021a000)]

Other Threads:
  0x00007f7f5a03b800 VMThread [stack: 0x0000700000629000,0x0000700000729000] [id=11267]
  0x00007f7f5a017800 WatcherThread [stack: 0x0000700000ec4000,0x0000700000fc4000] [id=18947]

VM state:not at safepoint (normal execution)

VM Mutex/Monitor currently owned by a thread: None

Heap:
 PSYoungGen      total 43520K, used 4272K [0x00000007aab00000, 0x00000007b4e00000, 0x00000007c0000000)
  eden space 43008K, 9% used [0x00000007aab00000,0x00000007aaf0c030,0x00000007ad500000)
  from space 512K, 25% used [0x00000007b4d00000,0x00000007b4d20000,0x00000007b4d80000)
  to   space 512K, 0% used [0x00000007b4d80000,0x00000007b4d80000,0x00000007b4e00000)
 ParOldGen       total 44032K, used 10373K [0x0000000780000000, 0x0000000782b00000, 0x00000007aab00000)
  object space 44032K, 23% used [0x0000000780000000,0x0000000780a214d0,0x0000000782b00000)
 Metaspace       used 13461K, capacity 13682K, committed 13824K, reserved 1060864K
  class space    used 1639K, capacity 1693K, committed 1792K, reserved 1048576K

Card table byte_map: [0x000000011c2dc000,0x000000011c4dd000] byte_map_base: 0x00000001186dc000

Marking Bits: (ParMarkBitMap*) 0x000000010c89d390
 Begin Bits: [0x000000011c633000, 0x000000011d633000)
 End Bits:   [0x000000011d633000, 0x000000011e633000)

Polling page: 0x000000010b7df000

CodeCache: size=245760Kb used=6525Kb max_used=7356Kb free=239234Kb
 bounds [0x000000010cf1c000, 0x000000010d65c000, 0x000000011bf1c000]
 total_blobs=2263 nmethods=1890 adapters=287
 compilation: enabled

Compilation events (10 events):
Event: 21.367 Thread 0x00007f7f5a01d800 nmethod 2242 0x000000010d35dad0 code [0x000000010d35dc20, 0x000000010d35dd30]
Event: 21.373 Thread 0x00007f7f5a01d800 2243       3       java.util.HashSet::size (8 bytes)
Event: 21.373 Thread 0x00007f7f5a01d800 nmethod 2243 0x000000010d23c090 code [0x000000010d23c200, 0x000000010d23c3f0]
Event: 21.424 Thread 0x00007f7f5a01d000 2244       4       jsprit.core.algorithm.SearchStrategy::run (160 bytes)
Event: 21.427 Thread 0x00007f7f5a852000 2246       4       jsprit.core.algorithm.VehicleRoutingAlgorithm$TerminationManager::isPrematureBreak (46 bytes)
Event: 21.439 Thread 0x00007f7f5a852000 nmethod 2246 0x000000010d2f73d0 code [0x000000010d2f7560, 0x000000010d2f7a18]
Event: 21.439 Thread 0x00007f7f5a852000 2247       4       jsprit.core.algorithm.VehicleRoutingAlgorithm::iterationStarts (11 bytes)
Event: 21.440 Thread 0x00007f7f5a852000 nmethod 2247 0x000000010d391910 code [0x000000010d391a60, 0x000000010d391b08]
Event: 21.440 Thread 0x00007f7f5a852000 2245       4       jsprit.core.algorithm.VehicleRoutingAlgorithm::selectedStrategy (11 bytes)
Event: 21.454 Thread 0x00007f7f5a852000 nmethod 2245 0x000000010d2c8010 code [0x000000010d2c81c0, 0x000000010d2c8718]

GC Heap History (10 events):
Event: 20.947 GC heap before
{Heap before GC invocations=120 (full 0):
 PSYoungGen      total 22016K, used 21600K [0x00000007aab00000, 0x00000007b4e00000, 0x00000007c0000000)
  eden space 21504K, 100% used [0x00000007aab00000,0x00000007ac000000,0x00000007ac000000)
  from space 512K, 18% used [0x00000007b4d00000,0x00000007b4d18000,0x00000007b4d80000)
  to   space 512K, 0% used [0x00000007b4d80000,0x00000007b4d80000,0x00000007b4e00000)
 ParOldGen       total 44032K, used 9325K [0x0000000780000000, 0x0000000782b00000, 0x00000007aab00000)
  object space 44032K, 21% used [0x0000000780000000,0x000000078091b458,0x0000000782b00000)
 Metaspace       used 13394K, capacity 13554K, committed 13824K, reserved 1060864K
  class space    used 1639K, capacity 1693K, committed 1792K, reserved 1048576K
Event: 20.948 GC heap after
Heap after GC invocations=120 (full 0):
 PSYoungGen      total 21504K, used 128K [0x00000007aab00000, 0x00000007b4e00000, 0x00000007c0000000)
  eden space 20992K, 0% used [0x00000007aab00000,0x00000007aab00000,0x00000007abf80000)
  from space 512K, 25% used [0x00000007b4d80000,0x00000007b4da0000,0x00000007b4e00000)
  to   space 512K, 0% used [0x00000007b4d00000,0x00000007b4d00000,0x00000007b4d80000)
 ParOldGen       total 44032K, used 9325K [0x0000000780000000, 0x0000000782b00000, 0x00000007aab00000)
  object space 44032K, 21% used [0x0000000780000000,0x000000078091b458,0x0000000782b00000)
 Metaspace       used 13394K, capacity 13554K, committed 13824K, reserved 1060864K
  class space    used 1639K, capacity 1693K, committed 1792K, reserved 1048576K
}
Event: 21.025 GC heap before
{Heap before GC invocations=121 (full 0):
 PSYoungGen      total 21504K, used 21120K [0x00000007aab00000, 0x00000007b4e00000, 0x00000007c0000000)
  eden space 20992K, 100% used [0x00000007aab00000,0x00000007abf80000,0x00000007abf80000)
  from space 512K, 25% used [0x00000007b4d80000,0x00000007b4da0000,0x00000007b4e00000)
  to   space 512K, 0% used [0x00000007b4d00000,0x00000007b4d00000,0x00000007b4d80000)
 ParOldGen       total 44032K, used 9325K [0x0000000780000000, 0x0000000782b00000, 0x00000007aab00000)
  object space 44032K, 21% used [0x0000000780000000,0x000000078091b458,0x0000000782b00000)
 Metaspace       used 13394K, capacity 13554K, committed 13824K, reserved 1060864K
  class space    used 1639K, capacity 1693K, committed 1792K, reserved 1048576K
Event: 21.025 GC heap after
Heap after GC invocations=121 (full 0):
 PSYoungGen      total 20992K, used 96K [0x00000007aab00000, 0x00000007b4e00000, 0x00000007c0000000)
  eden space 20480K, 0% used [0x00000007aab00000,0x00000007aab00000,0x00000007abf00000)
  from space 512K, 18% used [0x00000007b4d00000,0x00000007b4d18000,0x00000007b4d80000)
  to   space 512K, 0% used [0x00000007b4d80000,0x00000007b4d80000,0x00000007b4e00000)
 ParOldGen       total 44032K, used 9325K [0x0000000780000000, 0x0000000782b00000, 0x00000007aab00000)
  object space 44032K, 21% used [0x0000000780000000,0x000000078091b458,0x0000000782b00000)
 Metaspace       used 13394K, capacity 13554K, committed 13824K, reserved 1060864K
  class space    used 1639K, capacity 1693K, committed 1792K, reserved 1048576K
}
Event: 21.154 GC heap before
{Heap before GC invocations=122 (full 0):
 PSYoungGen      total 20992K, used 20576K [0x00000007aab00000, 0x00000007b4e00000, 0x00000007c0000000)
  eden space 20480K, 100% used [0x00000007aab00000,0x00000007abf00000,0x00000007abf00000)
  from space 512K, 18% used [0x00000007b4d00000,0x00000007b4d18000,0x00000007b4d80000)
  to   space 512K, 0% used [0x00000007b4d80000,0x00000007b4d80000,0x00000007b4e00000)
 ParOldGen       total 44032K, used 9325K [0x0000000780000000, 0x0000000782b00000, 0x00000007aab00000)
  object space 44032K, 21% used [0x0000000780000000,0x000000078091b458,0x0000000782b00000)
 Metaspace       used 13452K, capacity 13682K, committed 13824K, reserved 1060864K
  class space    used 1639K, capacity 1693K, committed 1792K, reserved 1048576K
Event: 21.157 GC heap after
Heap after GC invocations=122 (full 0):
 PSYoungGen      total 25088K, used 512K [0x00000007aab00000, 0x00000007b4e00000, 0x00000007c0000000)
  eden space 24576K, 0% used [0x00000007aab00000,0x00000007aab00000,0x00000007ac300000)
  from space 512K, 100% used [0x00000007b4d80000,0x00000007b4e00000,0x00000007b4e00000)
  to   space 512K, 0% used [0x00000007b4d00000,0x00000007b4d00000,0x00000007b4d80000)
 ParOldGen       total 44032K, used 9733K [0x0000000780000000, 0x0000000782b00000, 0x00000007aab00000)
  object space 44032K, 22% used [0x0000000780000000,0x00000007809814a0,0x0000000782b00000)
 Metaspace       used 13452K, capacity 13682K, committed 13824K, reserved 1060864K
  class space    used 1639K, capacity 1693K, committed 1792K, reserved 1048576K
}
Event: 21.254 GC heap before
{Heap before GC invocations=123 (full 0):
 PSYoungGen      total 25088K, used 25088K [0x00000007aab00000, 0x00000007b4e00000, 0x00000007c0000000)
  eden space 24576K, 100% used [0x00000007aab00000,0x00000007ac300000,0x00000007ac300000)
  from space 512K, 100% used [0x00000007b4d80000,0x00000007b4e00000,0x00000007b4e00000)
  to   space 512K, 0% used [0x00000007b4d00000,0x00000007b4d00000,0x00000007b4d80000)
 ParOldGen       total 44032K, used 9733K [0x0000000780000000, 0x0000000782b00000, 0x00000007aab00000)
  object space 44032K, 22% used [0x0000000780000000,0x00000007809814a0,0x0000000782b00000)
 Metaspace       used 13461K, capacity 13682K, committed 13824K, reserved 1060864K
  class space    used 1639K, capacity 1693K, committed 1792K, reserved 1048576K
Event: 21.256 GC heap after
Heap after GC invocations=123 (full 0):
 PSYoungGen      total 30208K, used 192K [0x00000007aab00000, 0x00000007b4e00000, 0x00000007c0000000)
  eden space 29696K, 0% used [0x00000007aab00000,0x00000007aab00000,0x00000007ac800000)
  from space 512K, 37% used [0x00000007b4d00000,0x00000007b4d30000,0x00000007b4d80000)
  to   space 512K, 0% used [0x00000007b4d80000,0x00000007b4d80000,0x00000007b4e00000)
 ParOldGen       total 44032K, used 10245K [0x0000000780000000, 0x0000000782b00000, 0x00000007aab00000)
  object space 44032K, 23% used [0x0000000780000000,0x0000000780a014d0,0x0000000782b00000)
 Metaspace       used 13461K, capacity 13682K, committed 13824K, reserved 1060864K
  class space    used 1639K, capacity 1693K, committed 1792K, reserved 1048576K
}
Event: 21.361 GC heap before
{Heap before GC invocations=124 (full 0):
 PSYoungGen      total 30208K, used 29888K [0x00000007aab00000, 0x00000007b4e00000, 0x00000007c0000000)
  eden space 29696K, 100% used [0x00000007aab00000,0x00000007ac800000,0x00000007ac800000)
  from space 512K, 37% used [0x00000007b4d00000,0x00000007b4d30000,0x00000007b4d80000)
  to   space 512K, 0% used [0x00000007b4d80000,0x00000007b4d80000,0x00000007b4e00000)
 ParOldGen       total 44032K, used 10245K [0x0000000780000000, 0x0000000782b00000, 0x00000007aab00000)
  object space 44032K, 23% used [0x0000000780000000,0x0000000780a014d0,0x0000000782b00000)
 Metaspace       used 13461K, capacity 13682K, committed 13824K, reserved 1060864K
  class space    used 1639K, capacity 1693K, committed 1792K, reserved 1048576K
Event: 21.362 GC heap after
Heap after GC invocations=124 (full 0):
 PSYoungGen      total 36352K, used 128K [0x00000007aab00000, 0x00000007b4e00000, 0x00000007c0000000)
  eden space 35840K, 0% used [0x00000007aab00000,0x00000007aab00000,0x00000007ace00000)
  from space 512K, 25% used [0x00000007b4d80000,0x00000007b4da0000,0x00000007b4e00000)
  to   space 512K, 0% used [0x00000007b4d00000,0x00000007b4d00000,0x00000007b4d80000)
 ParOldGen       total 44032K, used 10357K [0x0000000780000000, 0x0000000782b00000, 0x00000007aab00000)
  object space 44032K, 23% used [0x0000000780000000,0x0000000780a1d4d0,0x0000000782b00000)
 Metaspace       used 13461K, capacity 13682K, committed 13824K, reserved 1060864K
  class space    used 1639K, capacity 1693K, committed 1792K, reserved 1048576K
}

Deoptimization events (10 events):
Event: 7.503 Thread 0x00007f7f5a809000 Uncommon trap: reason=unreached action=reinterpret pc=0x000000010d436ef4 method=java.util.concurrent.locks.AbstractQueuedSynchronizer.enq(Ljava/util/concurrent/locks/AbstractQueuedSynchronizer$Node;)Ljava/util/concurrent/locks/AbstractQueuedSynchronizer$N
Event: 7.546 Thread 0x00007f7f5a809000 Uncommon trap: reason=unreached action=reinterpret pc=0x000000010d429278 method=java.util.HashMap.values()Ljava/util/Collection; @ 6
Event: 7.546 Thread 0x00007f7f5a809000 Uncommon trap: reason=unreached action=reinterpret pc=0x000000010d436124 method=java.util.HashMap.values()Ljava/util/Collection; @ 6
Event: 9.912 Thread 0x00007f7f5a9d0800 Uncommon trap: reason=unreached action=reinterpret pc=0x000000010d556fd0 method=java.util.concurrent.locks.AbstractQueuedSynchronizer.acquireQueued(Ljava/util/concurrent/locks/AbstractQueuedSynchronizer$Node;I)Z @ 17
Event: 12.205 Thread 0x00007f7f5a809000 Uncommon trap: reason=class_check action=maybe_recompile pc=0x000000010d4a0fa8 method=jsprit.core.algorithm.recreate.BestInsertionConcurrent.insertUnassignedJobs(Ljava/util/Collection;Ljava/util/Collection;)Ljava/util/Collection; @ 5
Event: 16.496 Thread 0x00007f7f5a809000 Uncommon trap: reason=class_check action=maybe_recompile pc=0x000000010d4a0fa8 method=jsprit.core.algorithm.recreate.BestInsertionConcurrent.insertUnassignedJobs(Ljava/util/Collection;Ljava/util/Collection;)Ljava/util/Collection; @ 5
Event: 20.668 Thread 0x00007f7f5b1d2800 Uncommon trap: reason=unreached action=reinterpret pc=0x000000010d553d28 method=java.util.concurrent.locks.AbstractQueuedSynchronizer.unparkSuccessor(Ljava/util/concurrent/locks/AbstractQueuedSynchronizer$Node;)V @ 22
Event: 20.668 Thread 0x00007f7f5b1d2800 Uncommon trap: reason=unreached action=reinterpret pc=0x000000010d503d30 method=java.util.concurrent.locks.AbstractQueuedSynchronizer.acquireQueued(Ljava/util/concurrent/locks/AbstractQueuedSynchronizer$Node;I)Z @ 17
Event: 21.123 Thread 0x00007f7f5a809000 Uncommon trap: reason=class_check action=maybe_recompile pc=0x000000010d4a0fa8 method=jsprit.core.algorithm.recreate.BestInsertionConcurrent.insertUnassignedJobs(Ljava/util/Collection;Ljava/util/Collection;)Ljava/util/Collection; @ 5
Event: 21.133 Thread 0x00007f7f5a809000 Uncommon trap: reason=unloaded action=reinterpret pc=0x000000010d63c62c method=java.io.BufferedReader.readLine(Z)Ljava/lang/String; @ 268

Internal exceptions (10 events):
Event: 1.411 Thread 0x00007f7f5a809000 Exception <a 'java/security/PrivilegedActionException'> (0x00000007aad14420) thrown at [/HUDSON3/workspace/8-2-build-macosx-x86_64/jdk8u25/1514/hotspot/src/share/vm/prims/jvm.cpp, line 1312]
Event: 1.412 Thread 0x00007f7f5a809000 Exception <a 'java/security/PrivilegedActionException'> (0x00000007aad1b048) thrown at [/HUDSON3/workspace/8-2-build-macosx-x86_64/jdk8u25/1514/hotspot/src/share/vm/prims/jvm.cpp, line 1312]
Event: 1.413 Thread 0x00007f7f5a809000 Exception <a 'java/security/PrivilegedActionException'> (0x00000007aad24618) thrown at [/HUDSON3/workspace/8-2-build-macosx-x86_64/jdk8u25/1514/hotspot/src/share/vm/prims/jvm.cpp, line 1312]
Event: 1.414 Thread 0x00007f7f5a809000 Exception <a 'java/security/PrivilegedActionException'> (0x00000007aad2a538) thrown at [/HUDSON3/workspace/8-2-build-macosx-x86_64/jdk8u25/1514/hotspot/src/share/vm/prims/jvm.cpp, line 1312]
Event: 1.414 Thread 0x00007f7f5a809000 Exception <a 'java/security/PrivilegedActionException'> (0x00000007aad316d8) thrown at [/HUDSON3/workspace/8-2-build-macosx-x86_64/jdk8u25/1514/hotspot/src/share/vm/prims/jvm.cpp, line 1312]
Event: 1.415 Thread 0x00007f7f5a809000 Exception <a 'java/security/PrivilegedActionException'> (0x00000007aad386a8) thrown at [/HUDSON3/workspace/8-2-build-macosx-x86_64/jdk8u25/1514/hotspot/src/share/vm/prims/jvm.cpp, line 1312]
Event: 1.416 Thread 0x00007f7f5a809000 Exception <a 'java/security/PrivilegedActionException'> (0x00000007aad40958) thrown at [/HUDSON3/workspace/8-2-build-macosx-x86_64/jdk8u25/1514/hotspot/src/share/vm/prims/jvm.cpp, line 1312]
Event: 1.417 Thread 0x00007f7f5a809000 Exception <a 'java/security/PrivilegedActionException'> (0x00000007aad476c8) thrown at [/HUDSON3/workspace/8-2-build-macosx-x86_64/jdk8u25/1514/hotspot/src/share/vm/prims/jvm.cpp, line 1312]
Event: 1.480 Thread 0x00007f7f5b8db000 Implicit null exception at 0x000000010d3024b5 to 0x000000010d303109
Event: 20.668 Thread 0x00007f7f5b1d2800 Implicit null exception at 0x000000010d553718 to 0x000000010d553cfd

Events (10 events):
Event: 21.162 Executing VM operation: RevokeBias
Event: 21.162 Executing VM operation: RevokeBias done
Event: 21.162 Executing VM operation: RevokeBias
Event: 21.162 Executing VM operation: RevokeBias done
Event: 21.162 Executing VM operation: BulkRevokeBias
Event: 21.163 Executing VM operation: BulkRevokeBias done
Event: 21.253 Executing VM operation: ParallelGCFailedAllocation
Event: 21.256 Executing VM operation: ParallelGCFailedAllocation done
Event: 21.361 Executing VM operation: ParallelGCFailedAllocation
Event: 21.362 Executing VM operation: ParallelGCFailedAllocation done


Dynamic libraries:
0x000000000a650000 	/System/Library/Frameworks/Cocoa.framework/Versions/A/Cocoa
0x000000000a650000 	/System/Library/Frameworks/Security.framework/Versions/A/Security
0x000000000a650000 	/System/Library/Frameworks/ApplicationServices.framework/Versions/A/ApplicationServices
0x000000000a650000 	/usr/lib/libz.1.dylib
0x000000000a650000 	/usr/lib/libSystem.B.dylib
0x000000000a650000 	/usr/lib/libobjc.A.dylib
0x000000000a650000 	/System/Library/Frameworks/CoreFoundation.framework/Versions/A/CoreFoundation
0x000000000a650000 	/System/Library/Frameworks/Foundation.framework/Versions/C/Foundation
0x000000000a650000 	/System/Library/Frameworks/AppKit.framework/Versions/C/AppKit
0x000000000a650000 	/System/Library/Frameworks/CoreData.framework/Versions/A/CoreData
0x000000000a650000 	/System/Library/PrivateFrameworks/RemoteViewServices.framework/Versions/A/RemoteViewServices
0x000000000a650000 	/System/Library/PrivateFrameworks/UIFoundation.framework/Versions/A/UIFoundation
0x000000000a650000 	/usr/lib/libScreenReader.dylib
0x000000000a650000 	/System/Library/Frameworks/Accelerate.framework/Versions/A/Accelerate
0x000000000a650000 	/System/Library/Frameworks/IOSurface.framework/Versions/A/IOSurface
0x000000000a650000 	/System/Library/Frameworks/AudioToolbox.framework/Versions/A/AudioToolbox
0x000000000a650000 	/System/Library/Frameworks/AudioUnit.framework/Versions/A/AudioUnit
0x000000000a650000 	/System/Library/PrivateFrameworks/DataDetectorsCore.framework/Versions/A/DataDetectorsCore
0x000000000a650000 	/System/Library/PrivateFrameworks/DesktopServicesPriv.framework/Versions/A/DesktopServicesPriv
0x000000000a650000 	/System/Library/Frameworks/Carbon.framework/Versions/A/Frameworks/HIToolbox.framework/Versions/A/HIToolbox
0x000000000a650000 	/System/Library/Frameworks/QuartzCore.framework/Versions/A/QuartzCore
0x000000000a650000 	/System/Library/Frameworks/Carbon.framework/Versions/A/Frameworks/SpeechRecognition.framework/Versions/A/SpeechRecognition
0x000000000a650000 	/usr/lib/libauto.dylib
0x000000000a650000 	/usr/lib/libicucore.A.dylib
0x000000000a650000 	/usr/lib/libxml2.2.dylib
0x000000000a650000 	/System/Library/PrivateFrameworks/CoreUI.framework/Versions/A/CoreUI
0x000000000a650000 	/System/Library/Frameworks/CoreAudio.framework/Versions/A/CoreAudio
0x000000000a650000 	/System/Library/Frameworks/DiskArbitration.framework/Versions/A/DiskArbitration
0x000000000a650000 	/usr/lib/liblangid.dylib
0x000000000a650000 	/System/Library/PrivateFrameworks/MultitouchSupport.framework/Versions/A/MultitouchSupport
0x000000000a650000 	/System/Library/Frameworks/IOKit.framework/Versions/A/IOKit
0x000000000a650000 	/usr/lib/libDiagnosticMessagesClient.dylib
0x000000000a650000 	/System/Library/Frameworks/CoreServices.framework/Versions/A/CoreServices
0x000000000a650000 	/System/Library/PrivateFrameworks/PerformanceAnalysis.framework/Versions/A/PerformanceAnalysis
0x000000000a650000 	/System/Library/PrivateFrameworks/GenerationalStorage.framework/Versions/A/GenerationalStorage
0x000000000a650000 	/System/Library/Frameworks/OpenGL.framework/Versions/A/OpenGL
0x000000000a650000 	/System/Library/PrivateFrameworks/Sharing.framework/Versions/A/Sharing
0x000000000a650000 	/System/Library/Frameworks/CoreGraphics.framework/Versions/A/CoreGraphics
0x000000000a650000 	/System/Library/Frameworks/CoreImage.framework/Versions/A/CoreImage
0x000000000a650000 	/System/Library/Frameworks/CoreText.framework/Versions/A/CoreText
0x000000000a650000 	/System/Library/Frameworks/ImageIO.framework/Versions/A/ImageIO
0x000000000a650000 	/System/Library/PrivateFrameworks/Backup.framework/Versions/A/Backup
0x000000000a650000 	/usr/lib/libextension.dylib
0x000000000a650000 	/usr/lib/libarchive.2.dylib
0x000000000a650000 	/System/Library/Frameworks/CFNetwork.framework/Versions/A/CFNetwork
0x000000000a650000 	/System/Library/Frameworks/SystemConfiguration.framework/Versions/A/SystemConfiguration
0x000000000a650000 	/usr/lib/libCRFSuite.dylib
0x000000000a650000 	/usr/lib/libc++.1.dylib
0x000000000a650000 	/usr/lib/libc++abi.dylib
0x000000000a650000 	/usr/lib/system/libcache.dylib
0x000000000a650000 	/usr/lib/system/libcommonCrypto.dylib
0x000000000a650000 	/usr/lib/system/libcompiler_rt.dylib
0x000000000a650000 	/usr/lib/system/libcopyfile.dylib
0x000000000a650000 	/usr/lib/system/libcorecrypto.dylib
0x000000000a650000 	/usr/lib/system/libdispatch.dylib
0x000000000a650000 	/usr/lib/system/libdyld.dylib
0x000000000a650000 	/usr/lib/system/libkeymgr.dylib
0x000000000a650000 	/usr/lib/system/liblaunch.dylib
0x000000000a650000 	/usr/lib/system/libmacho.dylib
0x000000000a650000 	/usr/lib/system/libquarantine.dylib
0x000000000a650000 	/usr/lib/system/libremovefile.dylib
0x000000000a650000 	/usr/lib/system/libsystem_asl.dylib
0x000000000a650000 	/usr/lib/system/libsystem_blocks.dylib
0x000000000a650000 	/usr/lib/system/libsystem_c.dylib
0x000000000a650000 	/usr/lib/system/libsystem_configuration.dylib
0x000000000a650000 	/usr/lib/system/libsystem_coreservices.dylib
0x000000000a650000 	/usr/lib/system/libsystem_coretls.dylib
0x000000000a650000 	/usr/lib/system/libsystem_dnssd.dylib
0x000000000a650000 	/usr/lib/system/libsystem_info.dylib
0x000000000a650000 	/usr/lib/system/libsystem_kernel.dylib
0x000000000a650000 	/usr/lib/system/libsystem_m.dylib
0x000000000a650000 	/usr/lib/system/libsystem_malloc.dylib
0x000000000a650000 	/usr/lib/system/libsystem_network.dylib
0x000000000a650000 	/usr/lib/system/libsystem_networkextension.dylib
0x000000000a650000 	/usr/lib/system/libsystem_notify.dylib
0x000000000a650000 	/usr/lib/system/libsystem_platform.dylib
0x000000000a650000 	/usr/lib/system/libsystem_pthread.dylib
0x000000000a650000 	/usr/lib/system/libsystem_sandbox.dylib
0x000000000a650000 	/usr/lib/system/libsystem_secinit.dylib
0x000000000a650000 	/usr/lib/system/libsystem_trace.dylib
0x000000000a650000 	/usr/lib/system/libunc.dylib
0x000000000a650000 	/usr/lib/system/libunwind.dylib
0x000000000a650000 	/usr/lib/system/libxpc.dylib
0x000000000a650000 	/usr/lib/libenergytrace.dylib
0x000000000a650000 	/usr/lib/libbsm.0.dylib
0x000000000a650000 	/usr/lib/system/libkxld.dylib
0x000000000a650000 	/usr/lib/libxar.1.dylib
0x000000000a650000 	/usr/lib/libsqlite3.dylib
0x000000000a650000 	/usr/lib/libpam.2.dylib
0x000000000a650000 	/usr/lib/libOpenScriptingUtil.dylib
0x000000000a650000 	/usr/lib/libbz2.1.0.dylib
0x000000000a650000 	/usr/lib/liblzma.5.dylib
0x000000000a650000 	/System/Library/Frameworks/CoreServices.framework/Versions/A/Frameworks/FSEvents.framework/Versions/A/FSEvents
0x000000000a650000 	/System/Library/Frameworks/CoreServices.framework/Versions/A/Frameworks/CarbonCore.framework/Versions/A/CarbonCore
0x000000000a650000 	/System/Library/Frameworks/CoreServices.framework/Versions/A/Frameworks/Metadata.framework/Versions/A/Metadata
0x000000000a650000 	/System/Library/Frameworks/CoreServices.framework/Versions/A/Frameworks/OSServices.framework/Versions/A/OSServices
0x000000000a650000 	/System/Library/Frameworks/CoreServices.framework/Versions/A/Frameworks/SearchKit.framework/Versions/A/SearchKit
0x000000000a650000 	/System/Library/Frameworks/CoreServices.framework/Versions/A/Frameworks/AE.framework/Versions/A/AE
0x000000000a650000 	/System/Library/Frameworks/CoreServices.framework/Versions/A/Frameworks/LaunchServices.framework/Versions/A/LaunchServices
0x000000000a650000 	/System/Library/Frameworks/CoreServices.framework/Versions/A/Frameworks/DictionaryServices.framework/Versions/A/DictionaryServices
0x000000000a650000 	/System/Library/Frameworks/CoreServices.framework/Versions/A/Frameworks/SharedFileList.framework/Versions/A/SharedFileList
0x000000000a650000 	/System/Library/Frameworks/NetFS.framework/Versions/A/NetFS
0x000000000a650000 	/System/Library/PrivateFrameworks/NetAuth.framework/Versions/A/NetAuth
0x000000000a650000 	/System/Library/PrivateFrameworks/login.framework/Versions/A/Frameworks/loginsupport.framework/Versions/A/loginsupport
0x000000000a650000 	/System/Library/PrivateFrameworks/TCC.framework/Versions/A/TCC
0x000000000a650000 	/usr/lib/libmecabra.dylib
0x000000000a650000 	/System/Library/Frameworks/ApplicationServices.framework/Versions/A/Frameworks/ATS.framework/Versions/A/ATS
0x000000000a650000 	/System/Library/Frameworks/ApplicationServices.framework/Versions/A/Frameworks/ColorSync.framework/Versions/A/ColorSync
0x000000000a650000 	/System/Library/Frameworks/ApplicationServices.framework/Versions/A/Frameworks/HIServices.framework/Versions/A/HIServices
0x000000000a650000 	/System/Library/Frameworks/ApplicationServices.framework/Versions/A/Frameworks/LangAnalysis.framework/Versions/A/LangAnalysis
0x000000000a650000 	/System/Library/Frameworks/ApplicationServices.framework/Versions/A/Frameworks/PrintCore.framework/Versions/A/PrintCore
0x000000000a650000 	/System/Library/Frameworks/ApplicationServices.framework/Versions/A/Frameworks/QD.framework/Versions/A/QD
0x000000000a650000 	/System/Library/Frameworks/ApplicationServices.framework/Versions/A/Frameworks/SpeechSynthesis.framework/Versions/A/SpeechSynthesis
0x000000000a650000 	/System/Library/Frameworks/Metal.framework/Versions/A/Metal
0x000000000a650000 	/System/Library/Frameworks/Accelerate.framework/Versions/A/Frameworks/vImage.framework/Versions/A/vImage
0x000000000a650000 	/System/Library/Frameworks/Accelerate.framework/Versions/A/Frameworks/vecLib.framework/Versions/A/vecLib
0x000000000a650000 	/System/Library/Frameworks/Accelerate.framework/Versions/A/Frameworks/vecLib.framework/Versions/A/libvDSP.dylib
0x000000000a650000 	/System/Library/Frameworks/Accelerate.framework/Versions/A/Frameworks/vecLib.framework/Versions/A/libvMisc.dylib
0x000000000a650000 	/System/Library/Frameworks/Accelerate.framework/Versions/A/Frameworks/vecLib.framework/Versions/A/libLAPACK.dylib
0x000000000a650000 	/System/Library/Frameworks/Accelerate.framework/Versions/A/Frameworks/vecLib.framework/Versions/A/libBLAS.dylib
0x000000000a650000 	/System/Library/Frameworks/Accelerate.framework/Versions/A/Frameworks/vecLib.framework/Versions/A/libLinearAlgebra.dylib
0x000000000a650000 	/System/Library/Frameworks/Accelerate.framework/Versions/A/Frameworks/vecLib.framework/Versions/A/libSparseBLAS.dylib
0x000000000a650000 	/System/Library/PrivateFrameworks/GPUCompiler.framework/libmetal_timestamp.dylib
0x000000000a650000 	/System/Library/Frameworks/OpenGL.framework/Versions/A/Libraries/libCoreFSCache.dylib
0x000000000a650000 	/System/Library/PrivateFrameworks/IOAccelerator.framework/Versions/A/IOAccelerator
0x000000000a650000 	/System/Library/Frameworks/ApplicationServices.framework/Versions/A/Frameworks/ATS.framework/Versions/A/Resources/libFontParser.dylib
0x000000000a650000 	/System/Library/Frameworks/ApplicationServices.framework/Versions/A/Frameworks/ATS.framework/Versions/A/Resources/libFontRegistry.dylib
0x000000000a650000 	/System/Library/PrivateFrameworks/AppleVPA.framework/Versions/A/AppleVPA
0x000000000a650000 	/System/Library/PrivateFrameworks/AppleJPEG.framework/Versions/A/AppleJPEG
0x000000000a650000 	/System/Library/Frameworks/ImageIO.framework/Versions/A/Resources/libJPEG.dylib
0x000000000a650000 	/System/Library/Frameworks/ImageIO.framework/Versions/A/Resources/libTIFF.dylib
0x000000000a650000 	/System/Library/Frameworks/ImageIO.framework/Versions/A/Resources/libPng.dylib
0x000000000a650000 	/System/Library/Frameworks/ImageIO.framework/Versions/A/Resources/libGIF.dylib
0x000000000a650000 	/System/Library/Frameworks/ImageIO.framework/Versions/A/Resources/libJP2.dylib
0x000000000a650000 	/System/Library/Frameworks/ImageIO.framework/Versions/A/Resources/libRadiance.dylib
0x000000000a650000 	/System/Library/Frameworks/CoreVideo.framework/Versions/A/CoreVideo
0x000000000a650000 	/System/Library/Frameworks/OpenGL.framework/Versions/A/Libraries/libGLU.dylib
0x000000000a650000 	/System/Library/Frameworks/OpenGL.framework/Versions/A/Libraries/libGFXShared.dylib
0x000000000a650000 	/System/Library/Frameworks/OpenGL.framework/Versions/A/Libraries/libGL.dylib
0x000000000a650000 	/System/Library/Frameworks/OpenGL.framework/Versions/A/Libraries/libGLImage.dylib
0x000000000a650000 	/System/Library/Frameworks/OpenGL.framework/Versions/A/Libraries/libCVMSPluginSupport.dylib
0x000000000a650000 	/System/Library/Frameworks/OpenGL.framework/Versions/A/Libraries/libCoreVMClient.dylib
0x000000000a650000 	/usr/lib/libcups.2.dylib
0x000000000a650000 	/System/Library/Frameworks/Kerberos.framework/Versions/A/Kerberos
0x000000000a650000 	/System/Library/Frameworks/GSS.framework/Versions/A/GSS
0x000000000a650000 	/usr/lib/libresolv.9.dylib
0x000000000a650000 	/usr/lib/libiconv.2.dylib
0x000000000a650000 	/System/Library/PrivateFrameworks/Heimdal.framework/Versions/A/Heimdal
0x000000000a650000 	/usr/lib/libheimdal-asn1.dylib
0x000000000a650000 	/System/Library/Frameworks/OpenDirectory.framework/Versions/A/OpenDirectory
0x000000000a650000 	/System/Library/PrivateFrameworks/CommonAuth.framework/Versions/A/CommonAuth
0x000000000a650000 	/System/Library/Frameworks/OpenDirectory.framework/Versions/A/Frameworks/CFOpenDirectory.framework/Versions/A/CFOpenDirectory
0x000000000a650000 	/System/Library/Frameworks/SecurityFoundation.framework/Versions/A/SecurityFoundation
0x000000000a650000 	/System/Library/PrivateFrameworks/LanguageModeling.framework/Versions/A/LanguageModeling
0x000000000a650000 	/usr/lib/libmarisa.dylib
0x000000000a650000 	/usr/lib/libChineseTokenizer.dylib
0x000000000a650000 	/usr/lib/libcmph.dylib
0x000000000a650000 	/usr/lib/libcompression.dylib
0x000000000a650000 	/System/Library/Frameworks/ServiceManagement.framework/Versions/A/ServiceManagement
0x000000000a650000 	/usr/lib/libxslt.1.dylib
0x000000000a650000 	/System/Library/Frameworks/Carbon.framework/Versions/A/Frameworks/Ink.framework/Versions/A/Ink
0x000000000a650000 	/usr/lib/libFosl_dynamic.dylib
0x000000000a650000 	/System/Library/PrivateFrameworks/FaceCore.framework/Versions/A/FaceCore
0x000000000a650000 	/System/Library/Frameworks/OpenCL.framework/Versions/A/OpenCL
0x000000000a650000 	/System/Library/PrivateFrameworks/CrashReporterSupport.framework/Versions/A/CrashReporterSupport
0x000000000a650000 	/System/Library/PrivateFrameworks/IconServices.framework/Versions/A/IconServices
0x000000000a650000 	/System/Library/PrivateFrameworks/Apple80211.framework/Versions/A/Apple80211
0x000000000a650000 	/System/Library/Frameworks/CoreWLAN.framework/Versions/A/CoreWLAN
0x000000000a650000 	/System/Library/Frameworks/IOBluetooth.framework/Versions/A/IOBluetooth
0x000000000a650000 	/System/Library/PrivateFrameworks/CoreWiFi.framework/Versions/A/CoreWiFi
0x000000000a650000 	/System/Library/Frameworks/CoreBluetooth.framework/Versions/A/CoreBluetooth
0x000000000a650000 	/System/Library/PrivateFrameworks/ChunkingLibrary.framework/Versions/A/ChunkingLibrary
0x000000000a650000 	/System/Library/PrivateFrameworks/DebugSymbols.framework/Versions/A/DebugSymbols
0x000000000a650000 	/System/Library/PrivateFrameworks/CoreSymbolication.framework/Versions/A/CoreSymbolication
0x000000000a650000 	/System/Library/PrivateFrameworks/Symbolication.framework/Versions/A/Symbolication
0x000000000a650000 	/System/Library/PrivateFrameworks/SpeechRecognitionCore.framework/Versions/A/SpeechRecognitionCore
0x000000010c000000 	/Library/Java/JavaVirtualMachines/jdk1.8.0_25.jdk/Contents/Home/jre/lib/server/libjvm.dylib
0x000000000a650000 	/usr/lib/libstdc++.6.dylib
0x000000010b79d000 	/Library/Java/JavaVirtualMachines/jdk1.8.0_25.jdk/Contents/Home/jre/lib/libverify.dylib
0x000000010b7ab000 	/Library/Java/JavaVirtualMachines/jdk1.8.0_25.jdk/Contents/Home/jre/lib/libjava.dylib
0x000000010b7e9000 	/Library/Java/JavaVirtualMachines/jdk1.8.0_25.jdk/Contents/Home/jre/lib/libzip.dylib
0x0000000120312000 	/System/Library/Frameworks/JavaVM.framework/Frameworks/JavaRuntimeSupport.framework/JavaRuntimeSupport
0x000000012032d000 	/System/Library/Frameworks/JavaVM.framework/Versions/A/Frameworks/JavaNativeFoundation.framework/Versions/A/JavaNativeFoundation
0x000000010b7f3000 	/System/Library/Frameworks/JavaVM.framework/Versions/A/JavaVM
0x000000000a650000 	/System/Library/Frameworks/Carbon.framework/Versions/A/Carbon
0x0000000120342000 	/System/Library/PrivateFrameworks/JavaLaunching.framework/Versions/A/JavaLaunching
0x000000000a650000 	/System/Library/Frameworks/Carbon.framework/Versions/A/Frameworks/CommonPanels.framework/Versions/A/CommonPanels
0x000000000a650000 	/System/Library/Frameworks/Carbon.framework/Versions/A/Frameworks/Help.framework/Versions/A/Help
0x000000000a650000 	/System/Library/Frameworks/Carbon.framework/Versions/A/Frameworks/ImageCapture.framework/Versions/A/ImageCapture
0x000000000a650000 	/System/Library/Frameworks/Carbon.framework/Versions/A/Frameworks/OpenScripting.framework/Versions/A/OpenScripting
0x000000000a650000 	/System/Library/Frameworks/Carbon.framework/Versions/A/Frameworks/Print.framework/Versions/A/Print
0x000000000a650000 	/System/Library/Frameworks/Carbon.framework/Versions/A/Frameworks/SecurityHI.framework/Versions/A/SecurityHI
0x0000000121fd9000 	/Library/Java/JavaVirtualMachines/jdk1.8.0_25.jdk/Contents/Home/jre/lib/libnet.dylib
0x0000000122081000 	/Library/Java/JavaVirtualMachines/jdk1.8.0_25.jdk/Contents/Home/jre/lib/libmanagement.dylib
0x000000012208e000 	/Library/Java/JavaVirtualMachines/jdk1.8.0_25.jdk/Contents/Home/jre/lib/libnio.dylib

VM Arguments:
jvm_args: -Dfile.encoding=UTF-8 
java_command: main.Main
java_class_path (initial): /Users/carmelor/Google Drive/Ingegneria Informatica/Polito/Optimization Methods And Algorithms/solverVRP/bin:/Users/carmelor/Google Drive/Ingegneria Informatica/Polito/Optimization Methods And Algorithms/solverVRP/libs/commons-cli-1.0.jar:/Users/carmelor/Google Drive/Ingegneria Informatica/Polito/Optimization Methods And Algorithms/solverVRP/libs/commons-configuration-1.9.jar:/Users/carmelor/Google Drive/Ingegneria Informatica/Polito/Optimization Methods And Algorithms/solverVRP/libs/commons-lang-2.6.jar:/Users/carmelor/Google Drive/Ingegneria Informatica/Polito/Optimization Methods And Algorithms/solverVRP/libs/commons-logging-1.1.1.jar:/Users/carmelor/Google Drive/Ingegneria Informatica/Polito/Optimization Methods And Algorithms/solverVRP/libs/commons-logging-api-1.1.jar:/Users/carmelor/Google Drive/Ingegneria Informatica/Polito/Optimization Methods And Algorithms/solverVRP/libs/commons-math-2.2.jar:/Users/carmelor/Google Drive/Ingegneria Informatica/Polito/Optimization Methods And Algorithms/solverVRP/libs/commons-math3-3.4.jar:/Users/carmelor/Google Drive/Ingegneria Informatica/Polito/Optimization Methods And Algorithms/solverVRP/libs/doxia-sink-api-1.0-alpha-7.jar:/Users/carmelor/Google Drive/Ingegneria Informatica/Polito/Optimization Methods And Algorithms/solverVRP/libs/google-collections-1.0.jar:/Users/carmelor/Google Drive/Ingegneria Informatica/Polito/Optimization Methods And Algorithms/solverVRP/libs/gs-algo-1.3.jar:/Users/carmelor/Google Drive/Ingegneria Informatica/Polito/Optimization Methods And Algorithms/solverVRP/libs/gs-core-1.3.jar:/Users/carmelor/Google Drive/Ingegneria Informatica/Polito/Optimization Methods And Algorithms/solverVRP/libs/gs-ui-1.3.jar:/Users/carmelor/Google Drive/Ingegneria Informatica/Polito/Optimization Methods And Algorithms/solverVRP/libs/hamcrest-core-1.1.jar:/Users/carmelor/Google Drive/Ingegneria Informatica/Polito/Optimization Methods And Algorithms/solverVRP/libs/jcommon-1.0.23.jar:/Users/ca
Launcher Type: SUN_STANDARD

Environment Variables:
PATH=/usr/bin:/bin:/usr/sbin:/sbin
SHELL=/bin/bash
DISPLAY=/private/tmp/com.apple.launchd.PBlnU2Js7e/org.macosforge.xquartz:0

Signal Handlers:
SIGSEGV: [libjvm.dylib+0x579dc7], sa_mask[0]=11111111011111110111111111111111, sa_flags=SA_ONSTACK|SA_RESTART|SA_SIGINFO
SIGBUS: [libjvm.dylib+0x579dc7], sa_mask[0]=11111111011111110111111111111111, sa_flags=SA_RESTART|SA_SIGINFO
SIGFPE: [libjvm.dylib+0x45b030], sa_mask[0]=11111111011111110111111111111111, sa_flags=SA_RESTART|SA_SIGINFO
SIGPIPE: [libjvm.dylib+0x45b030], sa_mask[0]=11111111011111110111111111111111, sa_flags=SA_RESTART|SA_SIGINFO
SIGXFSZ: [libjvm.dylib+0x45b030], sa_mask[0]=11111111011111110111111111111111, sa_flags=SA_RESTART|SA_SIGINFO
SIGILL: [libjvm.dylib+0x45b030], sa_mask[0]=11111111011111110111111111111111, sa_flags=SA_RESTART|SA_SIGINFO
SIGUSR1: SIG_DFL, sa_mask[0]=00000000000000000000000000000000, sa_flags=none
SIGUSR2: [libjvm.dylib+0x45ab4e], sa_mask[0]=00100000000000000000000000000000, sa_flags=SA_RESTART|SA_SIGINFO
SIGHUP: [libjvm.dylib+0x459121], sa_mask[0]=11111111011111110111111111111111, sa_flags=SA_RESTART|SA_SIGINFO
SIGINT: [libjvm.dylib+0x459121], sa_mask[0]=11111111011111110111111111111111, sa_flags=SA_RESTART|SA_SIGINFO
SIGTERM: [libjvm.dylib+0x459121], sa_mask[0]=11111111011111110111111111111111, sa_flags=SA_RESTART|SA_SIGINFO
SIGQUIT: [libjvm.dylib+0x459121], sa_mask[0]=11111111011111110111111111111111, sa_flags=SA_RESTART|SA_SIGINFO


---------------  S Y S T E M  ---------------

OS:Bsduname:Darwin 15.0.0 Darwin Kernel Version 15.0.0: Sat Sep 19 15:53:46 PDT 2015; root:xnu-3247.10.11~1/RELEASE_X86_64 x86_64
rlimit: STACK 8192k, CORE 0k, NPROC 709, NOFILE 10240, AS infinity
load average:1.70 1.81 2.90

CPU:total 4 (2 cores per cpu, 2 threads per core) family 6 model 42 stepping 7, cmov, cx8, fxsr, mmx, sse, sse2, sse3, ssse3, sse4.1, sse4.2, popcnt, avx, aes, clmul, ht, tsc, tscinvbit

Memory: 4k page, physical 4194304k(22252k free)

/proc/meminfo:


vm_info: Java HotSpot(TM) 64-Bit Server VM (25.25-b02) for bsd-amd64 JRE (1.8.0_25-b17), built on Sep 17 2014 16:56:50 by "java_re" with gcc 4.2.1 (Based on Apple Inc. build 5658) (LLVM build 2336.11.00)

time: Fri Dec 11 19:54:02 2015
elapsed time: 21 seconds (0d 0h 0m 21s)

